#
# There is insufficient memory for the Java Runtime Environment to continue.
# Native memory allocation (mmap) failed to map 264241152 bytes. Error detail: G1 virtual space
# Possible reasons:
#   The system is out of physical RAM or swap space
#   This process is running with CompressedOops enabled, and the Java Heap may be blocking the growth of the native heap
# Possible solutions:
#   Reduce memory load on the system
#   Increase physical memory or swap space
#   Check if swap backing store is full
#   Decrease Java heap size (-Xmx/-Xms)
#   Decrease number of Java threads
#   Decrease Java thread stack sizes (-Xss)
#   Set larger code cache with -XX:ReservedCodeCacheSize=
#   JVM is running with Zero Based Compressed Oops mode in which the Java heap is
#     placed in the first 32GB address space. The Java Heap base address is the
#     maximum limit for the native heap growth. Please use -XX:HeapBaseMinAddress
#     to set the Java Heap base and to place the Java Heap above 32GB virtual address.
# This output file may be truncated or incomplete.
#
#  Out of Memory Error (os_windows.cpp:3603), pid=16612, tid=8908
#
# JRE version:  (21.0.3+9) (build )
# Java VM: OpenJDK 64-Bit Server VM (21.0.3+9-LTS, mixed mode, sharing, tiered, compressed oops, compressed class ptrs, g1 gc, windows-amd64)
# No core dump will be written. Minidumps are not enabled by default on client versions of Windows
#

---------------  S U M M A R Y ------------

Command Line: --add-modules=ALL-DEFAULT jdk.compiler/com.sun.tools.javac.launcher.Main Repeticao.java

Host: AMD Athlon 300GE with Radeon Vega Graphics     , 4 cores, 15G,  Windows 11 , 64 bit Build 22621 (10.0.22621.3672)
Time: Thu Jul 11 17:55:47 2024 Hora oficial do Brasil elapsed time: 0.018508 seconds (0d 0h 0m 0s)

---------------  T H R E A D  ---------------

Current thread (0x0000016a7564f220):  JavaThread "Unknown thread" [_thread_in_vm, id=8908, stack(0x0000000193d00000,0x0000000193e00000) (1024K)]

Stack: [0x0000000193d00000,0x0000000193e00000]
Native frames: (J=compiled Java code, j=interpreted, Vv=VM code, C=native code)
V  [jvm.dll+0x6c8699]
V  [jvm.dll+0x8a2061]
V  [jvm.dll+0x8a458e]
V  [jvm.dll+0x8a4c63]
V  [jvm.dll+0x27e476]
V  [jvm.dll+0x6c4e15]
V  [jvm.dll+0x6b9b0a]
V  [jvm.dll+0x3523ba]
V  [jvm.dll+0x359f66]
V  [jvm.dll+0x3ab1be]
V  [jvm.dll+0x3ab468]
V  [jvm.dll+0x3265fc]
V  [jvm.dll+0x32715b]
V  [jvm.dll+0x86b0b9]
V  [jvm.dll+0x3b81c1]
V  [jvm.dll+0x854318]
V  [jvm.dll+0x44c55e]
V  [jvm.dll+0x44e081]
C  [jli.dll+0x5278]
C  [ucrtbase.dll+0x29333]
C  [KERNEL32.DLL+0x1257d]
C  [ntdll.dll+0x5af28]


---------------  P R O C E S S  ---------------

Threads class SMR info:
_java_thread_list=0x00007fffa6c4e048, length=0, elements={
}

Java Threads: ( => current thread )
Total: 0

Other Threads:
  0x0000016a756b48d0 WorkerThread "GC Thread#0"                     [id=18328, stack(0x0000000193e00000,0x0000000193f00000) (1024K)]
  0x0000016a756c5490 ConcurrentGCThread "G1 Main Marker"            [id=1512, stack(0x0000000193f00000,0x0000000194000000) (1024K)]
  0x0000016a756c6910 WorkerThread "G1 Conc#0"                       [id=4632, stack(0x0000000194000000,0x0000000194100000) (1024K)]

[error occurred during error reporting (printing all threads), id 0xc0000005, EXCEPTION_ACCESS_VIOLATION (0xc0000005) at pc=0x00007fffa6358f27]
VM state: not at safepoint (not fully initialized)

VM Mutex/Monitor currently owned by a thread:  ([mutex/lock_event])
[0x00007fffa6cc2228] Heap_lock - owner thread: 0x0000016a7564f220

Heap address: 0x0000000705200000, size: 4014 MB, Compressed Oops mode: Zero based, Oop shift amount: 3

CDS archive(s) mapped at: [0x0000000000000000-0x0000000000000000-0x0000000000000000), size 0, SharedBaseAddress: 0x0000000800000000, ArchiveRelocationMode: 1.
Narrow klass base: 0x0000000000000000, Narrow klass shift: 0, Narrow klass range: 0x0

GC Precious Log:
 CardTable entry size: 512
 Card Set container configuration: InlinePtr #cards 4 size 8 Array Of Cards #cards 16 size 48 Howl #buckets 8 coarsen threshold 3686 Howl Bitmap #cards 512 size 80 coarsen threshold 460 Card regions per heap region 1 cards per card region 4096

Heap:
 garbage-first heap   total 0K, used 0K [0x0000000705200000, 0x0000000800000000)
  region size 2048K, 0 young (0K), 0 survivors (0K)

[error occurred during error reporting (printing heap information), id 0xc0000005, EXCEPTION_ACCESS_VIOLATION (0xc0000005) at pc=0x00007fffa6742069]
GC Heap History (0 events):
No events

Dll operation events (1 events):
Event: 0.011 Loaded shared library C:\Users\Marcelo Flores\AppData\Roaming\Code\User\globalStorage\pleiades.java-extension-pack-jdk\java\21\bin\java.dll

Deoptimization events (0 events):
No events

Classes loaded (0 events):
No events

Classes unloaded (0 events):
No events

Classes redefined (0 events):
No events

Internal exceptions (0 events):
No events

ZGC Phase Switch (0 events):
No events

VM Operations (0 events):
No events

Events (0 events):
No events


Dynamic libraries:
0x00007ff7776f0000 - 0x00007ff7776fe000 	C:\Users\Marcelo Flores\AppData\Roaming\Code\User\globalStorage\pleiades.java-extension-pack-jdk\java\21\bin\java.exe
0x00007ff81c4b0000 - 0x00007ff81c6c7000 	C:\Windows\SYSTEM32\ntdll.dll
0x00007ff81c240000 - 0x00007ff81c304000 	C:\Windows\System32\KERNEL32.DLL
0x00007ff8197e0000 - 0x00007ff819b8c000 	C:\Windows\System32\KERNELBASE.dll
0x0000000059e40000 - 0x000000005a172000 	C:\Program Files\Norton Security\NortonData\22.23.10.10\Definitions\IPSDefs\20240710.064\IPSEng64.dll
0x00007ff81a380000 - 0x00007ff81a432000 	C:\Windows\System32\ADVAPI32.dll
0x00007ff81b8b0000 - 0x00007ff81b957000 	C:\Windows\System32\msvcrt.dll
0x00007ff81a5b0000 - 0x00007ff81a65a000 	C:\Windows\System32\sechost.dll
0x00007ff819ec0000 - 0x00007ff819ee8000 	C:\Windows\System32\bcrypt.dll
0x00007ff81a440000 - 0x00007ff81a555000 	C:\Windows\System32\RPCRT4.dll
0x00007ff81a280000 - 0x00007ff81a288000 	C:\Windows\System32\PSAPI.DLL
0x00007ff819b90000 - 0x00007ff819ca1000 	C:\Windows\System32\ucrtbase.dll
0x00007ffff6860000 - 0x00007ffff6878000 	C:\Users\Marcelo Flores\AppData\Roaming\Code\User\globalStorage\pleiades.java-extension-pack-jdk\java\21\bin\jli.dll
0x00007ff8072e0000 - 0x00007ff8072fb000 	C:\Users\Marcelo Flores\AppData\Roaming\Code\User\globalStorage\pleiades.java-extension-pack-jdk\java\21\bin\VCRUNTIME140.dll
0x00007ff81a6e0000 - 0x00007ff81a88e000 	C:\Windows\System32\USER32.dll
0x00007ff81a020000 - 0x00007ff81a046000 	C:\Windows\System32\win32u.dll
0x00007ff8025c0000 - 0x00007ff802853000 	C:\Windows\WinSxS\amd64_microsoft.windows.common-controls_6595b64144ccf1df_6.0.22621.3672_none_2713b9d173822955\COMCTL32.dll
0x00007ff81a250000 - 0x00007ff81a279000 	C:\Windows\System32\GDI32.dll
0x00007ff81a050000 - 0x00007ff81a169000 	C:\Windows\System32\gdi32full.dll
0x00007ff819e20000 - 0x00007ff819eba000 	C:\Windows\System32\msvcp_win.dll
0x00007ff81c180000 - 0x00007ff81c1b1000 	C:\Windows\System32\IMM32.DLL
0x00007ff80a460000 - 0x00007ff80a46c000 	C:\Users\Marcelo Flores\AppData\Roaming\Code\User\globalStorage\pleiades.java-extension-pack-jdk\java\21\bin\vcruntime140_1.dll
0x00007fffda140000 - 0x00007fffda1ce000 	C:\Users\Marcelo Flores\AppData\Roaming\Code\User\globalStorage\pleiades.java-extension-pack-jdk\java\21\bin\msvcp140.dll
0x00007fffa6020000 - 0x00007fffa6da2000 	C:\Users\Marcelo Flores\AppData\Roaming\Code\User\globalStorage\pleiades.java-extension-pack-jdk\java\21\bin\server\jvm.dll
0x00007ff81a660000 - 0x00007ff81a6d1000 	C:\Windows\System32\WS2_32.dll
0x00007ff818670000 - 0x00007ff8186bd000 	C:\Windows\SYSTEM32\POWRPROF.dll
0x00007ff810070000 - 0x00007ff8100a4000 	C:\Windows\SYSTEM32\WINMM.dll
0x00007ff812660000 - 0x00007ff81266a000 	C:\Windows\SYSTEM32\VERSION.dll
0x00007ff818650000 - 0x00007ff818663000 	C:\Windows\SYSTEM32\UMPDC.dll
0x00007ff818900000 - 0x00007ff818918000 	C:\Windows\SYSTEM32\kernel.appcore.dll
0x00007ff807070000 - 0x00007ff80707a000 	C:\Users\Marcelo Flores\AppData\Roaming\Code\User\globalStorage\pleiades.java-extension-pack-jdk\java\21\bin\jimage.dll
0x00007ff8103c0000 - 0x00007ff8105f2000 	C:\Windows\SYSTEM32\DBGHELP.DLL
0x00007ff81b470000 - 0x00007ff81b7f8000 	C:\Windows\System32\combase.dll
0x00007ff81a290000 - 0x00007ff81a367000 	C:\Windows\System32\OLEAUT32.dll
0x00007ff803b60000 - 0x00007ff803b92000 	C:\Windows\SYSTEM32\dbgcore.DLL
0x00007ff81a170000 - 0x00007ff81a1eb000 	C:\Windows\System32\bcryptPrimitives.dll
0x00007fffdeba0000 - 0x00007fffdebbf000 	C:\Users\Marcelo Flores\AppData\Roaming\Code\User\globalStorage\pleiades.java-extension-pack-jdk\java\21\bin\java.dll

dbghelp: loaded successfully - version: 4.0.5 - missing functions: none
symbol engine: initialized successfully - sym options: 0x614 - pdb path: .;C:\Users\Marcelo Flores\AppData\Roaming\Code\User\globalStorage\pleiades.java-extension-pack-jdk\java\21\bin;C:\Windows\SYSTEM32;C:\Program Files\Norton Security\NortonData\22.23.10.10\Definitions\IPSDefs\20240710.064;C:\Windows\WinSxS\amd64_microsoft.windows.common-controls_6595b64144ccf1df_6.0.22621.3672_none_2713b9d173822955;C:\Users\Marcelo Flores\AppData\Roaming\Code\User\globalStorage\pleiades.java-extension-pack-jdk\java\21\bin\server

VM Arguments:
jvm_args: --add-modules=ALL-DEFAULT 
java_command: jdk.compiler/com.sun.tools.javac.launcher.Main Repeticao.java
java_class_path (initial): .
Launcher Type: SUN_STANDARD

[Global flags]
     intx CICompilerCount                          = 3                                         {product} {ergonomic}
     uint ConcGCThreads                            = 1                                         {product} {ergonomic}
     uint G1ConcRefinementThreads                  = 4                                         {product} {ergonomic}
   size_t G1HeapRegionSize                         = 2097152                                   {product} {ergonomic}
    uintx GCDrainStackTargetSize                   = 64                                        {product} {ergonomic}
   size_t InitialHeapSize                          = 264241152                                 {product} {ergonomic}
   size_t MarkStackSize                            = 4194304                                   {product} {ergonomic}
   size_t MaxHeapSize                              = 4208984064                                {product} {ergonomic}
   size_t MinHeapDeltaBytes                        = 2097152                                   {product} {ergonomic}
   size_t MinHeapSize                              = 8388608                                   {product} {ergonomic}
    uintx NonNMethodCodeHeapSize                   = 5832780                                {pd product} {ergonomic}
    uintx NonProfiledCodeHeapSize                  = 122912730                              {pd product} {ergonomic}
    uintx ProfiledCodeHeapSize                     = 122912730                              {pd product} {ergonomic}
    uintx ReservedCodeCacheSize                    = 251658240                              {pd product} {ergonomic}
     bool SegmentedCodeCache                       = true                                      {product} {ergonomic}
   size_t SoftMaxHeapSize                          = 4208984064                             {manageable} {ergonomic}
     bool UseCompressedOops                        = true                           {product lp64_product} {ergonomic}
     bool UseG1GC                                  = true                                      {product} {ergonomic}
     bool UseLargePagesIndividualAllocation        = false                                  {pd product} {ergonomic}

Logging:
Log output configuration:
 #0: stdout all=warning uptime,level,tags foldmultilines=false
 #1: stderr all=off uptime,level,tags foldmultilines=false

Environment Variables:
JAVA_HOME=C:\Users\Marcelo Flores\AppData\Roaming\Code\User\globalStorage\pleiades.java-extension-pack-jdk\java\21
PATH=C:\Users\Marcelo Flores\bin;C:\Program Files\Git\mingw64\bin;C:\Program Files\Git\usr\local\bin;C:\Program Files\Git\usr\bin;C:\Program Files\Git\usr\bin;C:\Program Files\Git\mingw64\bin;C:\Program Files\Git\usr\bin;C:\Users\Marcelo Flores\bin;C:\Users\Marcelo Flores\AppData\Roaming\Code\User\globalStorage\pleiades.java-extension-pack-jdk\java\21\bin;C:\Program Files\Common Files\Oracle\Java\javapath;C:\Program Files (x86)\NVIDIA Corporation\PhysX\Common;C:\Program Files (x86)\Razer\ChromaBroadcast\bin;C:\Program Files\Razer\ChromaBroadcast\bin;C:\Windows\system32;C:\Windows;C:\Windows\System32\Wbem;C:\Windows\System32\WindowsPowerShell\v1.0;C:\Windows\System32\OpenSSH;C:\Windows\system32\config\systemprofile\AppData\Local\Microsoft\WindowsApps;C:\Program Files\jdk-14\bin;C:\Program Files\Git\cmd;C:\Users\Marcelo Flores\AppData\Local\Microsoft\WindowsApps;D:\Microsoft VS Code\bin;C:\Program Files\Java\jdk-22\bin;C:\Program Files\Git\usr\bin\vendor_perl;C:\Program Files\Git\usr\bin\core_perl
USERNAME=Marcelo Flores
SHELL=C:\Program Files\Git\usr\bin\bash.exe
DISPLAY=needs-to-be-defined
LANG=pt_BR.UTF-8
TERM=xterm-256color
TMPDIR=C:\Users\Marcelo Flores\AppData\Local\Temp
OS=Windows_NT
PROCESSOR_IDENTIFIER=AMD64 Family 23 Model 24 Stepping 1, AuthenticAMD
TMP=C:\Users\Marcelo Flores\AppData\Local\Temp
TEMP=C:\Users\Marcelo Flores\AppData\Local\Temp




Periodic native trim disabled

---------------  S Y S T E M  ---------------

OS:
 Windows 11 , 64 bit Build 22621 (10.0.22621.3672)
OS uptime: 6 days 8:51 hours

CPU: total 4 (initial active 4) (4 cores per cpu, 2 threads per core) family 23 model 24 stepping 1 microcode 0x0, cx8, cmov, fxsr, ht, mmx, 3dnowpref, sse, sse2, sse3, ssse3, sse4a, sse4.1, sse4.2, popcnt, lzcnt, tsc, tscinvbit, avx, avx2, aes, clmul, bmi1, bmi2, adx, sha, fma, vzeroupper, clflush, clflushopt, rdtscp, f16c
Processor Information for all 4 processors :
  Max Mhz: 3400, Current Mhz: 3400, Mhz Limit: 3400

Memory: 4k page, system-wide physical 16053M (5765M free)
TotalPageFile size 20149M (AvailPageFile size 85M)
current process WorkingSet (physical memory assigned to process): 13M, peak: 13M
current process commit charge ("private bytes"): 53M, peak: 304M

vm_info: OpenJDK 64-Bit Server VM (21.0.3+9-LTS) for windows-amd64 JRE (21.0.3+9-LTS), built on 2024-04-16T00:00:00Z by "admin" with MS VC++ 17.7 (VS2022)

END.
